<?xml version="1.0" encoding="UTF-8"?>
<!-- Generated by org.testng.reporters.JUnitXMLReporter -->
<testsuite ignored="0" hostname="DESKTOP-JQD6R1O" failures="1" tests="1" name="FirefoxTest" time="0.021" errors="0" timestamp="2025-01-10T23:21:34 IST">
  <testcase classname="testCases.TC001_AccountResgistrationTest" name="Varify_account_reg_page" time="0.004">
    <failure type="java.lang.AssertionError" message="null">
      <![CDATA[java.lang.AssertionError: null
at testCases.TC001_AccountResgistrationTest.Varify_account_reg_page(TC001_AccountResgistrationTest.java:49)
at java.base/java.util.ArrayList.forEach(ArrayList.java:1596)
... Removed 27 stack frames]]>
    </failure>
  </testcase> <!-- Varify_account_reg_page -->
</testsuite> <!-- FirefoxTest -->
